<?xml version="1.0" encoding="UTF-8"?>
<!-- Generated by org.testng.reporters.JUnitReportReporter -->
<testsuite hostname="Karthiks-MacBook-Air.local" failures="0" tests="1" name="com.apex.ecommerce.order.test.OrderTest" time="31.380" errors="0" timestamp="16 Jan 2020 20:06:09 GMT">
  <testcase classname="com.apex.ecommerce.order.test.OrderTest" name="validatePidTest" time="31.380"/>
</testsuite> <!-- com.apex.ecommerce.order.test.OrderTest -->
