<?xml version="1.0" encoding="UTF-8"?>
<!-- Generated by org.testng.reporters.JUnitReportReporter -->
<testsuite hostname="Karthiks-MacBook-Air.local" failures="0" tests="1" name="com.apex.ecommerce.registration.test.RegistrationTest" time="11.257" errors="0" timestamp="16 Jan 2020 20:06:09 GMT">
  <testcase classname="com.apex.ecommerce.registration.test.RegistrationTest" name="testCreateAccount" time="11.257"/>
</testsuite> <!-- com.apex.ecommerce.registration.test.RegistrationTest -->
