<?xml version="1.0" encoding="UTF-8"?>
<!-- Generated by org.testng.reporters.JUnitReportReporter -->
<testsuite hostname="Karthiks-MacBook-Air.local" failures="0" tests="1" name="com.apex.ecommerce.registration.test.RegistrationTest" time="7.783" errors="0" timestamp="3 Feb 2020 08:24:40 GMT">
  <testcase classname="com.apex.ecommerce.registration.test.RegistrationTest" name="testCreateAccount" time="7.783"/>
</testsuite> <!-- com.apex.ecommerce.registration.test.RegistrationTest -->
