<?xml version="1.0" encoding="UTF-8"?>
<!-- Generated by org.testng.reporters.JUnitReportReporter -->
<testsuite hostname="Karthiks-MacBook-Air.local" failures="0" tests="1" name="com.apex.ecommerce.registration.test.RegistrationTest" time="7.137" errors="0" timestamp="13 Jan 2020 21:53:12 GMT">
  <testcase classname="com.apex.ecommerce.registration.test.RegistrationTest" name="testCreateAccount" time="7.137"/>
</testsuite> <!-- com.apex.ecommerce.registration.test.RegistrationTest -->
