<?xml version="1.0" encoding="UTF-8"?>
<!-- Generated by org.testng.reporters.JUnitReportReporter -->
<testsuite hostname="Karthiks-MacBook-Air.local" failures="0" tests="1" name="com.apex.ecommerce.order.test.OrderTest" time="28.352" errors="0" timestamp="3 Feb 2020 08:24:40 GMT">
  <testcase classname="com.apex.ecommerce.order.test.OrderTest" name="validatePidTest" time="28.352"/>
</testsuite> <!-- com.apex.ecommerce.order.test.OrderTest -->
