<?xml version="1.0" encoding="UTF-8"?>
<!-- Generated by org.testng.reporters.JUnitReportReporter -->
<testsuite hostname="Karthiks-MacBook-Air.local" failures="0" tests="1" name="com.apex.ecommerce.registration.test.RegistrationTest" time="12.038" errors="0" timestamp="7 Feb 2020 22:29:44 GMT">
  <testcase classname="com.apex.ecommerce.registration.test.RegistrationTest" name="testCreateAccount" time="12.038"/>
</testsuite> <!-- com.apex.ecommerce.registration.test.RegistrationTest -->
