<?xml version="1.0" encoding="UTF-8"?>
<!-- Generated by org.testng.reporters.JUnitReportReporter -->
<testsuite hostname="Karthiks-MacBook-Air.local" failures="0" tests="1" name="com.apex.ecommerce.order.test.OrderTest" time="27.009" errors="0" timestamp="13 Jan 2020 21:53:12 GMT">
  <testcase classname="com.apex.ecommerce.order.test.OrderTest" name="validatePidTest" time="27.009"/>
</testsuite> <!-- com.apex.ecommerce.order.test.OrderTest -->
